Using pre-set license
Built from '2020.3/staging' branch; Version is '2020.3.13f1 (71691879b7f5) revision 7432472'; Using compiler version '192528614'; Build Type 'Release'
OS: 'Windows 10 Pro; OS build 19043.1586; Version 2009; 64bit' Language: 'en' Physical Memory: 16333 MB
BatchMode: 1, IsHumanControllingUs: 0, StartBugReporterOnCrash: 0, Is64bit: 1, IsPro: 0

 COMMAND LINE ARGUMENTS:
D:\Unity\2020.3.13f1\Editor\Unity.exe
-adb2
-batchMode
-noUpm
-name
AssetImportWorker2
-projectPath
D:/Programs/Projects/Unity/Combo Jam
-logFile
Logs/AssetImportWorker2.log
-srvPort
51891
Successfully changed project path to: D:/Programs/Projects/Unity/Combo Jam
D:/Programs/Projects/Unity/Combo Jam
Using Asset Import Pipeline V2.
Refreshing native plugins compatible for Editor in 71.02 ms, found 2 plugins.
Preloading 0 native plugins for Editor in 0.00 ms.
Initialize engine version: 2020.3.13f1 (71691879b7f5)
[Subsystems] Discovering subsystems at path D:/Unity/2020.3.13f1/Editor/Data/Resources/UnitySubsystems
[Subsystems] Discovering subsystems at path D:/Programs/Projects/Unity/Combo Jam/Assets
GfxDevice: creating device client; threaded=0
Direct3D:
    Version:  Direct3D 11.0 [level 11.1]
    Renderer: NVIDIA GeForce RTX 2080 (ID=0x1e82)
    Vendor:   
    VRAM:     8010 MB
    Driver:   30.0.15.1123
Initialize mono
Mono path[0] = 'D:/Unity/2020.3.13f1/Editor/Data/Managed'
Mono path[1] = 'D:/Unity/2020.3.13f1/Editor/Data/MonoBleedingEdge/lib/mono/unityjit'
Mono config path = 'D:/Unity/2020.3.13f1/Editor/Data/MonoBleedingEdge/etc'
Using monoOptions --debugger-agent=transport=dt_socket,embedding=1,server=y,suspend=n,address=127.0.0.1:56864
Begin MonoManager ReloadAssembly
Registering precompiled unity dll's ...
Register platform support module: D:/Unity/2020.3.13f1/Editor/Data/PlaybackEngines/WindowsStandaloneSupport/UnityEditor.WindowsStandalone.Extensions.dll
Registered in 0.002932 seconds.
Native extension for WindowsStandalone target not found
Refreshing native plugins compatible for Editor in 73.15 ms, found 2 plugins.
Preloading 0 native plugins for Editor in 0.00 ms.
Mono: successfully reloaded assembly
- Completed reload, in  4.279 seconds
Platform modules already initialized, skipping
Registering precompiled user dll's ...
Registered in 0.021730 seconds.
Begin MonoManager ReloadAssembly
Native extension for WindowsStandalone target not found
Refreshing native plugins compatible for Editor in 0.52 ms, found 2 plugins.
Preloading 0 native plugins for Editor in 0.00 ms.
Mono: successfully reloaded assembly
- Completed reload, in  2.732 seconds
Platform modules already initialized, skipping
========================================================================
Worker process is ready to serve import requests
Launched and connected shader compiler UnityShaderCompiler.exe after 0.32 seconds
Refreshing native plugins compatible for Editor in 0.72 ms, found 2 plugins.
Preloading 0 native plugins for Editor in 0.00 ms.
Unloading 1403 Unused Serialized files (Serialized files now loaded: 0)
System memory in use before: 66.8 MB.
System memory in use after: 66.8 MB.

Unloading 19 unused Assets to reduce memory usage. Loaded Objects now: 1838.
Total: 133.966900 ms (FindLiveObjects: 0.213300 ms CreateObjectMapping: 0.046000 ms MarkObjects: 133.217200 ms  DeleteObjects: 0.488600 ms)

AssetImportParameters requested are different than current active one (requested -> active):
  custom:framework-win-MediaFoundation: 216162199b28c13a410421893ffa2e32 -> 
  custom:video-decoder-ogg-theora: a1e56fd34408186e4bbccfd4996cb3dc -> 
  custom:container-muxer-webm: aa71ff27fc2769a1b78a27578f13a17b -> 
  custom:container-demuxer-webm: 4f35f7cbe854078d1ac9338744f61a02 -> 
  custom:container-demuxer-ogg: 62fdf1f143b41e24485cea50d1cbac27 -> 
  custom:video-encoder-webm-vp8: eb34c28f22e8b96e1ab97ce403110664 -> 
  custom:video-codec-MediaFoundation-h265: 746d11721c4dcdbdad8f713fa42b33f4 -> 
  custom:video-decoder-webm-vp8: 9c59270c3fd7afecdb556c50c9e8de78 -> 
  custom:audio-decoder-ogg-vorbis: bf7c407c2cedff20999df2af8eb42d56 -> 
  custom:audio-encoder-webm-vorbis: bf7c407c2cedff20999df2af8eb42d56 -> 
========================================================================
Received Import Request.
  path: Assets/Scripts/EnemyMovement.cs
  artifactKey: Guid(2c0498a0ddf099049b21d591eb9c5065) Importer(815301076,1909f56bfc062723c751e8b465ee728b)
Start importing Assets/Scripts/EnemyMovement.cs using Guid(2c0498a0ddf099049b21d591eb9c5065) Importer(815301076,1909f56bfc062723c751e8b465ee728b)  -> (artifact id: '1ceeeff6f5b6c168163d7ee380b350c2') in 0.073257 seconds 
  Import took 0.155064 seconds .

========================================================================
Received Import Request.
  Time since last request: 230.195908 seconds.
  path: Assets/Scripts/EnemyMovement.cs
  artifactKey: Guid(2c0498a0ddf099049b21d591eb9c5065) Importer(815301076,1909f56bfc062723c751e8b465ee728b)
Start importing Assets/Scripts/EnemyMovement.cs using Guid(2c0498a0ddf099049b21d591eb9c5065) Importer(815301076,1909f56bfc062723c751e8b465ee728b)  -> (artifact id: '8bf197fa5cf525f29386b9ab9632a9b8') in 0.044033 seconds 
  Import took 0.056538 seconds .

========================================================================
Received Import Request.
  Time since last request: 94.751774 seconds.
  path: Assets/Scripts/EnemyMovement.cs
  artifactKey: Guid(2c0498a0ddf099049b21d591eb9c5065) Importer(815301076,1909f56bfc062723c751e8b465ee728b)
Start importing Assets/Scripts/EnemyMovement.cs using Guid(2c0498a0ddf099049b21d591eb9c5065) Importer(815301076,1909f56bfc062723c751e8b465ee728b)  -> (artifact id: '9ac048bfcf1244c94d5f3a10e184b07b') in 0.022985 seconds 
  Import took 0.047544 seconds .

========================================================================
Received Import Request.
  Time since last request: 0.004554 seconds.
  path: Assets/Scripts/EnemyMovement.cs
  artifactKey: Guid(2c0498a0ddf099049b21d591eb9c5065) Importer(815301076,1909f56bfc062723c751e8b465ee728b)
Start importing Assets/Scripts/EnemyMovement.cs using Guid(2c0498a0ddf099049b21d591eb9c5065) Importer(815301076,1909f56bfc062723c751e8b465ee728b)  -> (artifact id: '9ac048bfcf1244c94d5f3a10e184b07b') in 0.053492 seconds 
  Import took 0.057050 seconds .

========================================================================
Received Import Request.
  Time since last request: 105.134610 seconds.
  path: Assets/Scripts/EnemyMovement.cs
  artifactKey: Guid(2c0498a0ddf099049b21d591eb9c5065) Importer(815301076,1909f56bfc062723c751e8b465ee728b)
Start importing Assets/Scripts/EnemyMovement.cs using Guid(2c0498a0ddf099049b21d591eb9c5065) Importer(815301076,1909f56bfc062723c751e8b465ee728b)  -> (artifact id: '3a7a5e592177ab703abce98a8b3136b4') in 0.038195 seconds 
  Import took 0.052924 seconds .

========================================================================
Received Import Request.
  Time since last request: 0.213809 seconds.
  path: Assets/Scripts/EnemyMovement.cs
  artifactKey: Guid(2c0498a0ddf099049b21d591eb9c5065) Importer(815301076,1909f56bfc062723c751e8b465ee728b)
Start importing Assets/Scripts/EnemyMovement.cs using Guid(2c0498a0ddf099049b21d591eb9c5065) Importer(815301076,1909f56bfc062723c751e8b465ee728b)  -> (artifact id: '3a7a5e592177ab703abce98a8b3136b4') in 0.039012 seconds 
  Import took 0.055329 seconds .

========================================================================
Received Import Request.
  Time since last request: 141.824448 seconds.
  path: Assets/Scripts/EnemyMovement.cs
  artifactKey: Guid(2c0498a0ddf099049b21d591eb9c5065) Importer(815301076,1909f56bfc062723c751e8b465ee728b)
Start importing Assets/Scripts/EnemyMovement.cs using Guid(2c0498a0ddf099049b21d591eb9c5065) Importer(815301076,1909f56bfc062723c751e8b465ee728b)  -> (artifact id: '976264fe03af1884861b39f6b2acdaac') in 0.023491 seconds 
  Import took 0.042429 seconds .

========================================================================
Received Import Request.
  Time since last request: 0.003029 seconds.
  path: Assets/Scripts/EnemyMovement.cs
  artifactKey: Guid(2c0498a0ddf099049b21d591eb9c5065) Importer(815301076,1909f56bfc062723c751e8b465ee728b)
Start importing Assets/Scripts/EnemyMovement.cs using Guid(2c0498a0ddf099049b21d591eb9c5065) Importer(815301076,1909f56bfc062723c751e8b465ee728b)  -> (artifact id: '976264fe03af1884861b39f6b2acdaac') in 0.005406 seconds 
  Import took 0.012993 seconds .

========================================================================
Received Prepare
Registering precompiled user dll's ...
Registered in 0.039680 seconds.
Begin MonoManager ReloadAssembly
Native extension for WindowsStandalone target not found
Refreshing native plugins compatible for Editor in 0.46 ms, found 2 plugins.
Preloading 0 native plugins for Editor in 0.00 ms.
Mono: successfully reloaded assembly
- Completed reload, in  1.467 seconds
Platform modules already initialized, skipping
Refreshing native plugins compatible for Editor in 0.32 ms, found 2 plugins.
Preloading 0 native plugins for Editor in 0.00 ms.
Unloading 1390 Unused Serialized files (Serialized files now loaded: 0)
System memory in use before: 65.9 MB.
System memory in use after: 66.0 MB.

Unloading 14 unused Assets to reduce memory usage. Loaded Objects now: 1841.
Total: 2.266500 ms (FindLiveObjects: 0.152000 ms CreateObjectMapping: 0.038500 ms MarkObjects: 2.001400 ms  DeleteObjects: 0.073200 ms)

AssetImportParameters requested are different than current active one (requested -> active):
  custom:framework-win-MediaFoundation: 216162199b28c13a410421893ffa2e32 -> 
  custom:video-decoder-ogg-theora: a1e56fd34408186e4bbccfd4996cb3dc -> 
  custom:container-muxer-webm: aa71ff27fc2769a1b78a27578f13a17b -> 
  custom:container-demuxer-webm: 4f35f7cbe854078d1ac9338744f61a02 -> 
  custom:container-demuxer-ogg: 62fdf1f143b41e24485cea50d1cbac27 -> 
  custom:video-encoder-webm-vp8: eb34c28f22e8b96e1ab97ce403110664 -> 
  custom:video-codec-MediaFoundation-h265: 746d11721c4dcdbdad8f713fa42b33f4 -> 
  custom:video-decoder-webm-vp8: 9c59270c3fd7afecdb556c50c9e8de78 -> 
  custom:audio-decoder-ogg-vorbis: bf7c407c2cedff20999df2af8eb42d56 -> 
  custom:audio-encoder-webm-vorbis: bf7c407c2cedff20999df2af8eb42d56 -> 
========================================================================
Received Prepare
Registering precompiled user dll's ...
Registered in 0.269748 seconds.
Begin MonoManager ReloadAssembly
Native extension for WindowsStandalone target not found
Refreshing native plugins compatible for Editor in 1.22 ms, found 2 plugins.
Preloading 0 native plugins for Editor in 0.00 ms.
Mono: successfully reloaded assembly
- Completed reload, in  5.278 seconds
Platform modules already initialized, skipping
Refreshing native plugins compatible for Editor in 0.48 ms, found 2 plugins.
Preloading 0 native plugins for Editor in 0.00 ms.
Unloading 1390 Unused Serialized files (Serialized files now loaded: 0)
System memory in use before: 66.0 MB.
System memory in use after: 66.0 MB.

Unloading 14 unused Assets to reduce memory usage. Loaded Objects now: 1844.
Total: 9.449800 ms (FindLiveObjects: 0.336200 ms CreateObjectMapping: 0.049300 ms MarkObjects: 8.925800 ms  DeleteObjects: 0.137100 ms)

AssetImportParameters requested are different than current active one (requested -> active):
  custom:framework-win-MediaFoundation: 216162199b28c13a410421893ffa2e32 -> 
  custom:video-decoder-ogg-theora: a1e56fd34408186e4bbccfd4996cb3dc -> 
  custom:container-muxer-webm: aa71ff27fc2769a1b78a27578f13a17b -> 
  custom:container-demuxer-webm: 4f35f7cbe854078d1ac9338744f61a02 -> 
  custom:container-demuxer-ogg: 62fdf1f143b41e24485cea50d1cbac27 -> 
  custom:video-encoder-webm-vp8: eb34c28f22e8b96e1ab97ce403110664 -> 
  custom:video-codec-MediaFoundation-h265: 746d11721c4dcdbdad8f713fa42b33f4 -> 
  custom:video-decoder-webm-vp8: 9c59270c3fd7afecdb556c50c9e8de78 -> 
  custom:audio-decoder-ogg-vorbis: bf7c407c2cedff20999df2af8eb42d56 -> 
  custom:audio-encoder-webm-vorbis: bf7c407c2cedff20999df2af8eb42d56 -> 
========================================================================
Received Prepare
Registering precompiled user dll's ...
Registered in 0.011735 seconds.
Begin MonoManager ReloadAssembly
Native extension for WindowsStandalone target not found
Refreshing native plugins compatible for Editor in 0.48 ms, found 2 plugins.
Preloading 0 native plugins for Editor in 0.00 ms.
Mono: successfully reloaded assembly
- Completed reload, in  2.531 seconds
Platform modules already initialized, skipping
Refreshing native plugins compatible for Editor in 0.45 ms, found 2 plugins.
Preloading 0 native plugins for Editor in 0.00 ms.
Unloading 1390 Unused Serialized files (Serialized files now loaded: 0)
System memory in use before: 66.0 MB.
System memory in use after: 66.1 MB.

Unloading 14 unused Assets to reduce memory usage. Loaded Objects now: 1847.
Total: 3.390900 ms (FindLiveObjects: 0.208500 ms CreateObjectMapping: 0.045600 ms MarkObjects: 3.048300 ms  DeleteObjects: 0.086700 ms)

AssetImportParameters requested are different than current active one (requested -> active):
  custom:framework-win-MediaFoundation: 216162199b28c13a410421893ffa2e32 -> 
  custom:video-decoder-ogg-theora: a1e56fd34408186e4bbccfd4996cb3dc -> 
  custom:container-muxer-webm: aa71ff27fc2769a1b78a27578f13a17b -> 
  custom:container-demuxer-webm: 4f35f7cbe854078d1ac9338744f61a02 -> 
  custom:container-demuxer-ogg: 62fdf1f143b41e24485cea50d1cbac27 -> 
  custom:video-encoder-webm-vp8: eb34c28f22e8b96e1ab97ce403110664 -> 
  custom:video-codec-MediaFoundation-h265: 746d11721c4dcdbdad8f713fa42b33f4 -> 
  custom:video-decoder-webm-vp8: 9c59270c3fd7afecdb556c50c9e8de78 -> 
  custom:audio-decoder-ogg-vorbis: bf7c407c2cedff20999df2af8eb42d56 -> 
  custom:audio-encoder-webm-vorbis: bf7c407c2cedff20999df2af8eb42d56 -> 
========================================================================
Received Prepare
Registering precompiled user dll's ...
Registered in 0.009257 seconds.
Begin MonoManager ReloadAssembly
Native extension for WindowsStandalone target not found
Refreshing native plugins compatible for Editor in 0.92 ms, found 2 plugins.
Preloading 0 native plugins for Editor in 0.00 ms.
Mono: successfully reloaded assembly
- Completed reload, in  3.202 seconds
Platform modules already initialized, skipping
Refreshing native plugins compatible for Editor in 0.50 ms, found 2 plugins.
Preloading 0 native plugins for Editor in 0.00 ms.
Unloading 1390 Unused Serialized files (Serialized files now loaded: 0)
System memory in use before: 66.0 MB.
System memory in use after: 66.1 MB.

Unloading 14 unused Assets to reduce memory usage. Loaded Objects now: 1850.
Total: 3.646700 ms (FindLiveObjects: 0.250500 ms CreateObjectMapping: 0.044600 ms MarkObjects: 3.263400 ms  DeleteObjects: 0.086200 ms)

AssetImportParameters requested are different than current active one (requested -> active):
  custom:framework-win-MediaFoundation: 216162199b28c13a410421893ffa2e32 -> 
  custom:video-decoder-ogg-theora: a1e56fd34408186e4bbccfd4996cb3dc -> 
  custom:container-muxer-webm: aa71ff27fc2769a1b78a27578f13a17b -> 
  custom:container-demuxer-webm: 4f35f7cbe854078d1ac9338744f61a02 -> 
  custom:container-demuxer-ogg: 62fdf1f143b41e24485cea50d1cbac27 -> 
  custom:video-encoder-webm-vp8: eb34c28f22e8b96e1ab97ce403110664 -> 
  custom:video-codec-MediaFoundation-h265: 746d11721c4dcdbdad8f713fa42b33f4 -> 
  custom:video-decoder-webm-vp8: 9c59270c3fd7afecdb556c50c9e8de78 -> 
  custom:audio-decoder-ogg-vorbis: bf7c407c2cedff20999df2af8eb42d56 -> 
  custom:audio-encoder-webm-vorbis: bf7c407c2cedff20999df2af8eb42d56 -> 
========================================================================
Received Prepare
Registering precompiled user dll's ...
Registered in 0.004613 seconds.
Begin MonoManager ReloadAssembly
Native extension for WindowsStandalone target not found
Refreshing native plugins compatible for Editor in 0.52 ms, found 2 plugins.
Preloading 0 native plugins for Editor in 0.00 ms.
Mono: successfully reloaded assembly
- Completed reload, in  3.162 seconds
Platform modules already initialized, skipping
Refreshing native plugins compatible for Editor in 0.33 ms, found 2 plugins.
Preloading 0 native plugins for Editor in 0.00 ms.
Unloading 1390 Unused Serialized files (Serialized files now loaded: 0)
System memory in use before: 66.0 MB.
System memory in use after: 66.1 MB.

Unloading 14 unused Assets to reduce memory usage. Loaded Objects now: 1853.
Total: 6.474000 ms (FindLiveObjects: 0.146200 ms CreateObjectMapping: 0.032600 ms MarkObjects: 6.211800 ms  DeleteObjects: 0.081900 ms)

AssetImportParameters requested are different than current active one (requested -> active):
  custom:framework-win-MediaFoundation: 216162199b28c13a410421893ffa2e32 -> 
  custom:video-decoder-ogg-theora: a1e56fd34408186e4bbccfd4996cb3dc -> 
  custom:container-muxer-webm: aa71ff27fc2769a1b78a27578f13a17b -> 
  custom:container-demuxer-webm: 4f35f7cbe854078d1ac9338744f61a02 -> 
  custom:container-demuxer-ogg: 62fdf1f143b41e24485cea50d1cbac27 -> 
  custom:video-encoder-webm-vp8: eb34c28f22e8b96e1ab97ce403110664 -> 
  custom:video-codec-MediaFoundation-h265: 746d11721c4dcdbdad8f713fa42b33f4 -> 
  custom:video-decoder-webm-vp8: 9c59270c3fd7afecdb556c50c9e8de78 -> 
  custom:audio-decoder-ogg-vorbis: bf7c407c2cedff20999df2af8eb42d56 -> 
  custom:audio-encoder-webm-vorbis: bf7c407c2cedff20999df2af8eb42d56 -> 
========================================================================
Received Import Request.
  Time since last request: 2605.104949 seconds.
  path: Assets/Models/Enemy/Enemy.controller
  artifactKey: Guid(649912c1aec74b141977d4cc015c44b2) Importer(815301076,1909f56bfc062723c751e8b465ee728b)
Start importing Assets/Models/Enemy/Enemy.controller using Guid(649912c1aec74b141977d4cc015c44b2) Importer(815301076,1909f56bfc062723c751e8b465ee728b)  -> (artifact id: '2be9f1692e9f537edf26004939d8200a') in 0.122309 seconds 
  Import took 0.133621 seconds .

========================================================================
Received Import Request.
  Time since last request: 4.009788 seconds.
  path: Assets/Models/Enemy/Enemy Controller.controller
  artifactKey: Guid(649912c1aec74b141977d4cc015c44b2) Importer(815301076,1909f56bfc062723c751e8b465ee728b)
Start importing Assets/Models/Enemy/Enemy Controller.controller using Guid(649912c1aec74b141977d4cc015c44b2) Importer(815301076,1909f56bfc062723c751e8b465ee728b)  -> (artifact id: '269f04208255d6899e7ae4d95520808d') in 0.032404 seconds 
  Import took 0.047259 seconds .

========================================================================
Received Prepare
Registering precompiled user dll's ...
Registered in 0.010682 seconds.
Begin MonoManager ReloadAssembly
Native extension for WindowsStandalone target not found
Refreshing native plugins compatible for Editor in 0.60 ms, found 2 plugins.
Preloading 0 native plugins for Editor in 0.00 ms.
Mono: successfully reloaded assembly
- Completed reload, in  3.192 seconds
Platform modules already initialized, skipping
Refreshing native plugins compatible for Editor in 0.47 ms, found 2 plugins.
Preloading 0 native plugins for Editor in 0.00 ms.
Unloading 1390 Unused Serialized files (Serialized files now loaded: 0)
System memory in use before: 66.0 MB.
System memory in use after: 66.1 MB.

Unloading 14 unused Assets to reduce memory usage. Loaded Objects now: 1856.
Total: 3.407400 ms (FindLiveObjects: 0.211900 ms CreateObjectMapping: 0.058000 ms MarkObjects: 3.031500 ms  DeleteObjects: 0.104300 ms)

AssetImportParameters requested are different than current active one (requested -> active):
  custom:framework-win-MediaFoundation: 216162199b28c13a410421893ffa2e32 -> 
  custom:video-decoder-ogg-theora: a1e56fd34408186e4bbccfd4996cb3dc -> 
  custom:container-muxer-webm: aa71ff27fc2769a1b78a27578f13a17b -> 
  custom:container-demuxer-webm: 4f35f7cbe854078d1ac9338744f61a02 -> 
  custom:container-demuxer-ogg: 62fdf1f143b41e24485cea50d1cbac27 -> 
  custom:video-encoder-webm-vp8: eb34c28f22e8b96e1ab97ce403110664 -> 
  custom:video-codec-MediaFoundation-h265: 746d11721c4dcdbdad8f713fa42b33f4 -> 
  custom:video-decoder-webm-vp8: 9c59270c3fd7afecdb556c50c9e8de78 -> 
  custom:audio-decoder-ogg-vorbis: bf7c407c2cedff20999df2af8eb42d56 -> 
  custom:audio-encoder-webm-vorbis: bf7c407c2cedff20999df2af8eb42d56 -> 
========================================================================
Received Prepare
Registering precompiled user dll's ...
Registered in 0.276317 seconds.
Begin MonoManager ReloadAssembly
Native extension for WindowsStandalone target not found
Refreshing native plugins compatible for Editor in 0.86 ms, found 2 plugins.
Preloading 0 native plugins for Editor in 0.00 ms.
Mono: successfully reloaded assembly
- Completed reload, in  2.590 seconds
Platform modules already initialized, skipping
Refreshing native plugins compatible for Editor in 0.47 ms, found 2 plugins.
Preloading 0 native plugins for Editor in 0.00 ms.
Unloading 1390 Unused Serialized files (Serialized files now loaded: 0)
System memory in use before: 66.0 MB.
System memory in use after: 66.1 MB.

Unloading 14 unused Assets to reduce memory usage. Loaded Objects now: 1859.
Total: 31.512600 ms (FindLiveObjects: 0.203200 ms CreateObjectMapping: 0.046300 ms MarkObjects: 31.163800 ms  DeleteObjects: 0.097500 ms)

AssetImportParameters requested are different than current active one (requested -> active):
  custom:framework-win-MediaFoundation: 216162199b28c13a410421893ffa2e32 -> 
  custom:video-decoder-ogg-theora: a1e56fd34408186e4bbccfd4996cb3dc -> 
  custom:container-muxer-webm: aa71ff27fc2769a1b78a27578f13a17b -> 
  custom:container-demuxer-webm: 4f35f7cbe854078d1ac9338744f61a02 -> 
  custom:container-demuxer-ogg: 62fdf1f143b41e24485cea50d1cbac27 -> 
  custom:video-encoder-webm-vp8: eb34c28f22e8b96e1ab97ce403110664 -> 
  custom:video-codec-MediaFoundation-h265: 746d11721c4dcdbdad8f713fa42b33f4 -> 
  custom:video-decoder-webm-vp8: 9c59270c3fd7afecdb556c50c9e8de78 -> 
  custom:audio-decoder-ogg-vorbis: bf7c407c2cedff20999df2af8eb42d56 -> 
  custom:audio-encoder-webm-vorbis: bf7c407c2cedff20999df2af8eb42d56 -> 
========================================================================
Received Prepare
Registering precompiled user dll's ...
Registered in 0.014174 seconds.
Begin MonoManager ReloadAssembly
Native extension for WindowsStandalone target not found
Refreshing native plugins compatible for Editor in 0.55 ms, found 2 plugins.
Preloading 0 native plugins for Editor in 0.00 ms.
Mono: successfully reloaded assembly
- Completed reload, in  2.714 seconds
Platform modules already initialized, skipping
Refreshing native plugins compatible for Editor in 0.75 ms, found 2 plugins.
Preloading 0 native plugins for Editor in 0.00 ms.
Unloading 1390 Unused Serialized files (Serialized files now loaded: 0)
System memory in use before: 66.0 MB.
System memory in use after: 66.1 MB.

Unloading 14 unused Assets to reduce memory usage. Loaded Objects now: 1862.
Total: 3.468500 ms (FindLiveObjects: 0.229700 ms CreateObjectMapping: 0.054400 ms MarkObjects: 3.084000 ms  DeleteObjects: 0.098700 ms)

AssetImportParameters requested are different than current active one (requested -> active):
  custom:framework-win-MediaFoundation: 216162199b28c13a410421893ffa2e32 -> 
  custom:video-decoder-ogg-theora: a1e56fd34408186e4bbccfd4996cb3dc -> 
  custom:container-muxer-webm: aa71ff27fc2769a1b78a27578f13a17b -> 
  custom:container-demuxer-webm: 4f35f7cbe854078d1ac9338744f61a02 -> 
  custom:container-demuxer-ogg: 62fdf1f143b41e24485cea50d1cbac27 -> 
  custom:video-encoder-webm-vp8: eb34c28f22e8b96e1ab97ce403110664 -> 
  custom:video-codec-MediaFoundation-h265: 746d11721c4dcdbdad8f713fa42b33f4 -> 
  custom:video-decoder-webm-vp8: 9c59270c3fd7afecdb556c50c9e8de78 -> 
  custom:audio-decoder-ogg-vorbis: bf7c407c2cedff20999df2af8eb42d56 -> 
  custom:audio-encoder-webm-vorbis: bf7c407c2cedff20999df2af8eb42d56 -> 
========================================================================
Received Import Request.
  Time since last request: 1145.036752 seconds.
  path: Assets/Models/Enemy/Enemy Controller.controller
  artifactKey: Guid(649912c1aec74b141977d4cc015c44b2) Importer(815301076,1909f56bfc062723c751e8b465ee728b)
Start importing Assets/Models/Enemy/Enemy Controller.controller using Guid(649912c1aec74b141977d4cc015c44b2) Importer(815301076,1909f56bfc062723c751e8b465ee728b)  -> (artifact id: '0aaea1b9066dc3f33bc826eca1ffffb7') in 0.079287 seconds 
  Import took 0.104823 seconds .

========================================================================
Received Prepare
Registering precompiled user dll's ...
Registered in 0.007413 seconds.
Begin MonoManager ReloadAssembly
Native extension for WindowsStandalone target not found
Refreshing native plugins compatible for Editor in 0.35 ms, found 2 plugins.
Preloading 0 native plugins for Editor in 0.00 ms.
Mono: successfully reloaded assembly
- Completed reload, in  1.654 seconds
Platform modules already initialized, skipping
Refreshing native plugins compatible for Editor in 0.39 ms, found 2 plugins.
Preloading 0 native plugins for Editor in 0.00 ms.
Unloading 1390 Unused Serialized files (Serialized files now loaded: 0)
System memory in use before: 66.1 MB.
System memory in use after: 66.1 MB.

Unloading 14 unused Assets to reduce memory usage. Loaded Objects now: 1865.
Total: 2.438700 ms (FindLiveObjects: 0.207400 ms CreateObjectMapping: 0.032300 ms MarkObjects: 2.125900 ms  DeleteObjects: 0.071700 ms)

AssetImportParameters requested are different than current active one (requested -> active):
  custom:framework-win-MediaFoundation: 216162199b28c13a410421893ffa2e32 -> 
  custom:video-decoder-ogg-theora: a1e56fd34408186e4bbccfd4996cb3dc -> 
  custom:container-muxer-webm: aa71ff27fc2769a1b78a27578f13a17b -> 
  custom:container-demuxer-webm: 4f35f7cbe854078d1ac9338744f61a02 -> 
  custom:container-demuxer-ogg: 62fdf1f143b41e24485cea50d1cbac27 -> 
  custom:video-encoder-webm-vp8: eb34c28f22e8b96e1ab97ce403110664 -> 
  custom:video-codec-MediaFoundation-h265: 746d11721c4dcdbdad8f713fa42b33f4 -> 
  custom:video-decoder-webm-vp8: 9c59270c3fd7afecdb556c50c9e8de78 -> 
  custom:audio-decoder-ogg-vorbis: bf7c407c2cedff20999df2af8eb42d56 -> 
  custom:audio-encoder-webm-vorbis: bf7c407c2cedff20999df2af8eb42d56 -> 
========================================================================
Received Prepare
Registering precompiled user dll's ...
Registered in 0.008028 seconds.
Begin MonoManager ReloadAssembly
Native extension for WindowsStandalone target not found
Refreshing native plugins compatible for Editor in 1.05 ms, found 2 plugins.
Preloading 0 native plugins for Editor in 0.00 ms.
Mono: successfully reloaded assembly
- Completed reload, in  3.233 seconds
Platform modules already initialized, skipping
Refreshing native plugins compatible for Editor in 0.37 ms, found 2 plugins.
Preloading 0 native plugins for Editor in 0.00 ms.
Unloading 1390 Unused Serialized files (Serialized files now loaded: 0)
System memory in use before: 66.1 MB.
System memory in use after: 66.1 MB.

Unloading 14 unused Assets to reduce memory usage. Loaded Objects now: 1868.
Total: 3.291800 ms (FindLiveObjects: 0.211300 ms CreateObjectMapping: 0.034300 ms MarkObjects: 2.955000 ms  DeleteObjects: 0.085500 ms)

AssetImportParameters requested are different than current active one (requested -> active):
  custom:framework-win-MediaFoundation: 216162199b28c13a410421893ffa2e32 -> 
  custom:video-decoder-ogg-theora: a1e56fd34408186e4bbccfd4996cb3dc -> 
  custom:container-muxer-webm: aa71ff27fc2769a1b78a27578f13a17b -> 
  custom:container-demuxer-webm: 4f35f7cbe854078d1ac9338744f61a02 -> 
  custom:container-demuxer-ogg: 62fdf1f143b41e24485cea50d1cbac27 -> 
  custom:video-encoder-webm-vp8: eb34c28f22e8b96e1ab97ce403110664 -> 
  custom:video-codec-MediaFoundation-h265: 746d11721c4dcdbdad8f713fa42b33f4 -> 
  custom:video-decoder-webm-vp8: 9c59270c3fd7afecdb556c50c9e8de78 -> 
  custom:audio-decoder-ogg-vorbis: bf7c407c2cedff20999df2af8eb42d56 -> 
  custom:audio-encoder-webm-vorbis: bf7c407c2cedff20999df2af8eb42d56 -> 
========================================================================
Received Prepare
Registering precompiled user dll's ...
Registered in 0.005108 seconds.
Begin MonoManager ReloadAssembly
Native extension for WindowsStandalone target not found
Refreshing native plugins compatible for Editor in 0.32 ms, found 2 plugins.
Preloading 0 native plugins for Editor in 0.00 ms.
Mono: successfully reloaded assembly
- Completed reload, in  2.024 seconds
Platform modules already initialized, skipping
Refreshing native plugins compatible for Editor in 0.33 ms, found 2 plugins.
Preloading 0 native plugins for Editor in 0.00 ms.
Unloading 1390 Unused Serialized files (Serialized files now loaded: 0)
System memory in use before: 66.1 MB.
System memory in use after: 66.2 MB.

Unloading 14 unused Assets to reduce memory usage. Loaded Objects now: 1871.
Total: 2.882800 ms (FindLiveObjects: 0.291700 ms CreateObjectMapping: 0.276200 ms MarkObjects: 2.228600 ms  DeleteObjects: 0.085000 ms)

AssetImportParameters requested are different than current active one (requested -> active):
  custom:framework-win-MediaFoundation: 216162199b28c13a410421893ffa2e32 -> 
  custom:video-decoder-ogg-theora: a1e56fd34408186e4bbccfd4996cb3dc -> 
  custom:container-muxer-webm: aa71ff27fc2769a1b78a27578f13a17b -> 
  custom:container-demuxer-webm: 4f35f7cbe854078d1ac9338744f61a02 -> 
  custom:container-demuxer-ogg: 62fdf1f143b41e24485cea50d1cbac27 -> 
  custom:video-encoder-webm-vp8: eb34c28f22e8b96e1ab97ce403110664 -> 
  custom:video-codec-MediaFoundation-h265: 746d11721c4dcdbdad8f713fa42b33f4 -> 
  custom:video-decoder-webm-vp8: 9c59270c3fd7afecdb556c50c9e8de78 -> 
  custom:audio-decoder-ogg-vorbis: bf7c407c2cedff20999df2af8eb42d56 -> 
  custom:audio-encoder-webm-vorbis: bf7c407c2cedff20999df2af8eb42d56 -> 
========================================================================
Received Prepare
Registering precompiled user dll's ...
Registered in 0.009024 seconds.
Begin MonoManager ReloadAssembly
Native extension for WindowsStandalone target not found
Refreshing native plugins compatible for Editor in 3.35 ms, found 2 plugins.
Preloading 0 native plugins for Editor in 0.00 ms.
Mono: successfully reloaded assembly
- Completed reload, in  2.379 seconds
Platform modules already initialized, skipping
Refreshing native plugins compatible for Editor in 0.39 ms, found 2 plugins.
Preloading 0 native plugins for Editor in 0.00 ms.
Unloading 1390 Unused Serialized files (Serialized files now loaded: 0)
System memory in use before: 66.1 MB.
System memory in use after: 66.2 MB.

Unloading 14 unused Assets to reduce memory usage. Loaded Objects now: 1874.
Total: 2.281000 ms (FindLiveObjects: 0.160400 ms CreateObjectMapping: 0.033400 ms MarkObjects: 1.951900 ms  DeleteObjects: 0.133800 ms)

AssetImportParameters requested are different than current active one (requested -> active):
  custom:framework-win-MediaFoundation: 216162199b28c13a410421893ffa2e32 -> 
  custom:video-decoder-ogg-theora: a1e56fd34408186e4bbccfd4996cb3dc -> 
  custom:container-muxer-webm: aa71ff27fc2769a1b78a27578f13a17b -> 
  custom:container-demuxer-webm: 4f35f7cbe854078d1ac9338744f61a02 -> 
  custom:container-demuxer-ogg: 62fdf1f143b41e24485cea50d1cbac27 -> 
  custom:video-encoder-webm-vp8: eb34c28f22e8b96e1ab97ce403110664 -> 
  custom:video-codec-MediaFoundation-h265: 746d11721c4dcdbdad8f713fa42b33f4 -> 
  custom:video-decoder-webm-vp8: 9c59270c3fd7afecdb556c50c9e8de78 -> 
  custom:audio-decoder-ogg-vorbis: bf7c407c2cedff20999df2af8eb42d56 -> 
  custom:audio-encoder-webm-vorbis: bf7c407c2cedff20999df2af8eb42d56 -> 
========================================================================
Received Prepare
Registering precompiled user dll's ...
Registered in 0.014460 seconds.
Begin MonoManager ReloadAssembly
Native extension for WindowsStandalone target not found
Refreshing native plugins compatible for Editor in 0.90 ms, found 2 plugins.
Preloading 0 native plugins for Editor in 0.00 ms.
Mono: successfully reloaded assembly
- Completed reload, in  3.268 seconds
Platform modules already initialized, skipping
Refreshing native plugins compatible for Editor in 0.32 ms, found 2 plugins.
Preloading 0 native plugins for Editor in 0.00 ms.
Unloading 1390 Unused Serialized files (Serialized files now loaded: 0)
System memory in use before: 66.1 MB.
System memory in use after: 66.2 MB.

Unloading 14 unused Assets to reduce memory usage. Loaded Objects now: 1877.
Total: 2.020800 ms (FindLiveObjects: 0.140500 ms CreateObjectMapping: 0.032900 ms MarkObjects: 1.778000 ms  DeleteObjects: 0.068400 ms)

AssetImportParameters requested are different than current active one (requested -> active):
  custom:framework-win-MediaFoundation: 216162199b28c13a410421893ffa2e32 -> 
  custom:video-decoder-ogg-theora: a1e56fd34408186e4bbccfd4996cb3dc -> 
  custom:container-muxer-webm: aa71ff27fc2769a1b78a27578f13a17b -> 
  custom:container-demuxer-webm: 4f35f7cbe854078d1ac9338744f61a02 -> 
  custom:container-demuxer-ogg: 62fdf1f143b41e24485cea50d1cbac27 -> 
  custom:video-encoder-webm-vp8: eb34c28f22e8b96e1ab97ce403110664 -> 
  custom:video-codec-MediaFoundation-h265: 746d11721c4dcdbdad8f713fa42b33f4 -> 
  custom:video-decoder-webm-vp8: 9c59270c3fd7afecdb556c50c9e8de78 -> 
  custom:audio-decoder-ogg-vorbis: bf7c407c2cedff20999df2af8eb42d56 -> 
  custom:audio-encoder-webm-vorbis: bf7c407c2cedff20999df2af8eb42d56 -> 
========================================================================
Received Prepare
Registering precompiled user dll's ...
Registered in 0.005115 seconds.
Begin MonoManager ReloadAssembly
Native extension for WindowsStandalone target not found
Refreshing native plugins compatible for Editor in 0.95 ms, found 2 plugins.
Preloading 0 native plugins for Editor in 0.00 ms.
Mono: successfully reloaded assembly
- Completed reload, in  2.427 seconds
Platform modules already initialized, skipping
Refreshing native plugins compatible for Editor in 5.70 ms, found 2 plugins.
Preloading 0 native plugins for Editor in 0.00 ms.
Unloading 1390 Unused Serialized files (Serialized files now loaded: 0)
System memory in use before: 66.1 MB.
System memory in use after: 66.2 MB.

Unloading 14 unused Assets to reduce memory usage. Loaded Objects now: 1880.
Total: 75.670300 ms (FindLiveObjects: 0.232600 ms CreateObjectMapping: 0.056700 ms MarkObjects: 75.290200 ms  DeleteObjects: 0.089400 ms)

AssetImportParameters requested are different than current active one (requested -> active):
  custom:framework-win-MediaFoundation: 216162199b28c13a410421893ffa2e32 -> 
  custom:video-decoder-ogg-theora: a1e56fd34408186e4bbccfd4996cb3dc -> 
  custom:container-muxer-webm: aa71ff27fc2769a1b78a27578f13a17b -> 
  custom:container-demuxer-webm: 4f35f7cbe854078d1ac9338744f61a02 -> 
  custom:container-demuxer-ogg: 62fdf1f143b41e24485cea50d1cbac27 -> 
  custom:video-encoder-webm-vp8: eb34c28f22e8b96e1ab97ce403110664 -> 
  custom:video-codec-MediaFoundation-h265: 746d11721c4dcdbdad8f713fa42b33f4 -> 
  custom:video-decoder-webm-vp8: 9c59270c3fd7afecdb556c50c9e8de78 -> 
  custom:audio-decoder-ogg-vorbis: bf7c407c2cedff20999df2af8eb42d56 -> 
  custom:audio-encoder-webm-vorbis: bf7c407c2cedff20999df2af8eb42d56 -> 
========================================================================
Received Prepare
Registering precompiled user dll's ...
Registered in 0.061163 seconds.
Begin MonoManager ReloadAssembly
Native extension for WindowsStandalone target not found
Refreshing native plugins compatible for Editor in 1.80 ms, found 2 plugins.
Preloading 0 native plugins for Editor in 0.00 ms.
Mono: successfully reloaded assembly
- Completed reload, in  2.215 seconds
Platform modules already initialized, skipping
Refreshing native plugins compatible for Editor in 0.60 ms, found 2 plugins.
Preloading 0 native plugins for Editor in 0.00 ms.
Unloading 1390 Unused Serialized files (Serialized files now loaded: 0)
System memory in use before: 66.1 MB.
System memory in use after: 66.2 MB.

Unloading 14 unused Assets to reduce memory usage. Loaded Objects now: 1883.
Total: 3.231900 ms (FindLiveObjects: 0.206200 ms CreateObjectMapping: 0.043600 ms MarkObjects: 2.887600 ms  DeleteObjects: 0.093100 ms)

AssetImportParameters requested are different than current active one (requested -> active):
  custom:framework-win-MediaFoundation: 216162199b28c13a410421893ffa2e32 -> 
  custom:video-decoder-ogg-theora: a1e56fd34408186e4bbccfd4996cb3dc -> 
  custom:container-muxer-webm: aa71ff27fc2769a1b78a27578f13a17b -> 
  custom:container-demuxer-webm: 4f35f7cbe854078d1ac9338744f61a02 -> 
  custom:container-demuxer-ogg: 62fdf1f143b41e24485cea50d1cbac27 -> 
  custom:video-encoder-webm-vp8: eb34c28f22e8b96e1ab97ce403110664 -> 
  custom:video-codec-MediaFoundation-h265: 746d11721c4dcdbdad8f713fa42b33f4 -> 
  custom:video-decoder-webm-vp8: 9c59270c3fd7afecdb556c50c9e8de78 -> 
  custom:audio-decoder-ogg-vorbis: bf7c407c2cedff20999df2af8eb42d56 -> 
  custom:audio-encoder-webm-vorbis: bf7c407c2cedff20999df2af8eb42d56 -> 
========================================================================
Received Prepare
Registering precompiled user dll's ...
Registered in 0.009637 seconds.
Begin MonoManager ReloadAssembly
Native extension for WindowsStandalone target not found
Refreshing native plugins compatible for Editor in 0.60 ms, found 2 plugins.
Preloading 0 native plugins for Editor in 0.00 ms.
Mono: successfully reloaded assembly
- Completed reload, in  2.270 seconds
Platform modules already initialized, skipping
Refreshing native plugins compatible for Editor in 0.44 ms, found 2 plugins.
Preloading 0 native plugins for Editor in 0.00 ms.
Unloading 1390 Unused Serialized files (Serialized files now loaded: 0)
System memory in use before: 66.1 MB.
System memory in use after: 66.2 MB.

Unloading 14 unused Assets to reduce memory usage. Loaded Objects now: 1886.
Total: 2.048700 ms (FindLiveObjects: 0.266000 ms CreateObjectMapping: 0.039700 ms MarkObjects: 1.671500 ms  DeleteObjects: 0.070400 ms)

AssetImportParameters requested are different than current active one (requested -> active):
  custom:framework-win-MediaFoundation: 216162199b28c13a410421893ffa2e32 -> 
  custom:video-decoder-ogg-theora: a1e56fd34408186e4bbccfd4996cb3dc -> 
  custom:container-muxer-webm: aa71ff27fc2769a1b78a27578f13a17b -> 
  custom:container-demuxer-webm: 4f35f7cbe854078d1ac9338744f61a02 -> 
  custom:container-demuxer-ogg: 62fdf1f143b41e24485cea50d1cbac27 -> 
  custom:video-encoder-webm-vp8: eb34c28f22e8b96e1ab97ce403110664 -> 
  custom:video-codec-MediaFoundation-h265: 746d11721c4dcdbdad8f713fa42b33f4 -> 
  custom:video-decoder-webm-vp8: 9c59270c3fd7afecdb556c50c9e8de78 -> 
  custom:audio-decoder-ogg-vorbis: bf7c407c2cedff20999df2af8eb42d56 -> 
  custom:audio-encoder-webm-vorbis: bf7c407c2cedff20999df2af8eb42d56 -> 
========================================================================
Received Prepare
Registering precompiled user dll's ...
Registered in 0.008592 seconds.
Begin MonoManager ReloadAssembly
Native extension for WindowsStandalone target not found
Refreshing native plugins compatible for Editor in 0.31 ms, found 2 plugins.
Preloading 0 native plugins for Editor in 0.00 ms.
Mono: successfully reloaded assembly
- Completed reload, in  2.250 seconds
Platform modules already initialized, skipping
Refreshing native plugins compatible for Editor in 0.37 ms, found 2 plugins.
Preloading 0 native plugins for Editor in 0.00 ms.
Unloading 1390 Unused Serialized files (Serialized files now loaded: 0)
System memory in use before: 66.1 MB.
System memory in use after: 66.2 MB.

Unloading 14 unused Assets to reduce memory usage. Loaded Objects now: 1889.
Total: 2.836200 ms (FindLiveObjects: 0.176400 ms CreateObjectMapping: 0.032800 ms MarkObjects: 2.552500 ms  DeleteObjects: 0.073200 ms)

AssetImportParameters requested are different than current active one (requested -> active):
  custom:framework-win-MediaFoundation: 216162199b28c13a410421893ffa2e32 -> 
  custom:video-decoder-ogg-theora: a1e56fd34408186e4bbccfd4996cb3dc -> 
  custom:container-muxer-webm: aa71ff27fc2769a1b78a27578f13a17b -> 
  custom:container-demuxer-webm: 4f35f7cbe854078d1ac9338744f61a02 -> 
  custom:container-demuxer-ogg: 62fdf1f143b41e24485cea50d1cbac27 -> 
  custom:video-encoder-webm-vp8: eb34c28f22e8b96e1ab97ce403110664 -> 
  custom:video-codec-MediaFoundation-h265: 746d11721c4dcdbdad8f713fa42b33f4 -> 
  custom:video-decoder-webm-vp8: 9c59270c3fd7afecdb556c50c9e8de78 -> 
  custom:audio-decoder-ogg-vorbis: bf7c407c2cedff20999df2af8eb42d56 -> 
  custom:audio-encoder-webm-vorbis: bf7c407c2cedff20999df2af8eb42d56 -> 
========================================================================
Received Prepare
Registering precompiled user dll's ...
Registered in 0.007832 seconds.
Begin MonoManager ReloadAssembly
Native extension for WindowsStandalone target not found
Refreshing native plugins compatible for Editor in 1.21 ms, found 2 plugins.
Preloading 0 native plugins for Editor in 0.00 ms.
Mono: successfully reloaded assembly
- Completed reload, in  4.624 seconds
Platform modules already initialized, skipping
Refreshing native plugins compatible for Editor in 1.52 ms, found 2 plugins.
Preloading 0 native plugins for Editor in 0.00 ms.
Unloading 1390 Unused Serialized files (Serialized files now loaded: 0)
System memory in use before: 66.1 MB.
System memory in use after: 66.2 MB.

Unloading 14 unused Assets to reduce memory usage. Loaded Objects now: 1892.
Total: 166.150500 ms (FindLiveObjects: 0.277900 ms CreateObjectMapping: 0.065500 ms MarkObjects: 165.716000 ms  DeleteObjects: 0.089400 ms)

AssetImportParameters requested are different than current active one (requested -> active):
  custom:framework-win-MediaFoundation: 216162199b28c13a410421893ffa2e32 -> 
  custom:video-decoder-ogg-theora: a1e56fd34408186e4bbccfd4996cb3dc -> 
  custom:container-muxer-webm: aa71ff27fc2769a1b78a27578f13a17b -> 
  custom:container-demuxer-webm: 4f35f7cbe854078d1ac9338744f61a02 -> 
  custom:container-demuxer-ogg: 62fdf1f143b41e24485cea50d1cbac27 -> 
  custom:video-encoder-webm-vp8: eb34c28f22e8b96e1ab97ce403110664 -> 
  custom:video-codec-MediaFoundation-h265: 746d11721c4dcdbdad8f713fa42b33f4 -> 
  custom:video-decoder-webm-vp8: 9c59270c3fd7afecdb556c50c9e8de78 -> 
  custom:audio-decoder-ogg-vorbis: bf7c407c2cedff20999df2af8eb42d56 -> 
  custom:audio-encoder-webm-vorbis: bf7c407c2cedff20999df2af8eb42d56 -> 
========================================================================
Received Prepare
Registering precompiled user dll's ...
Registered in 0.006124 seconds.
Begin MonoManager ReloadAssembly
Native extension for WindowsStandalone target not found
Refreshing native plugins compatible for Editor in 0.31 ms, found 2 plugins.
Preloading 0 native plugins for Editor in 0.00 ms.
Mono: successfully reloaded assembly
- Completed reload, in  2.638 seconds
Platform modules already initialized, skipping
Refreshing native plugins compatible for Editor in 1.79 ms, found 2 plugins.
Preloading 0 native plugins for Editor in 0.00 ms.
Unloading 1390 Unused Serialized files (Serialized files now loaded: 0)
System memory in use before: 66.1 MB.
System memory in use after: 66.2 MB.

Unloading 14 unused Assets to reduce memory usage. Loaded Objects now: 1895.
Total: 2.514400 ms (FindLiveObjects: 0.150100 ms CreateObjectMapping: 0.032100 ms MarkObjects: 2.253800 ms  DeleteObjects: 0.077400 ms)

AssetImportParameters requested are different than current active one (requested -> active):
  custom:framework-win-MediaFoundation: 216162199b28c13a410421893ffa2e32 -> 
  custom:video-decoder-ogg-theora: a1e56fd34408186e4bbccfd4996cb3dc -> 
  custom:container-muxer-webm: aa71ff27fc2769a1b78a27578f13a17b -> 
  custom:container-demuxer-webm: 4f35f7cbe854078d1ac9338744f61a02 -> 
  custom:container-demuxer-ogg: 62fdf1f143b41e24485cea50d1cbac27 -> 
  custom:video-encoder-webm-vp8: eb34c28f22e8b96e1ab97ce403110664 -> 
  custom:video-codec-MediaFoundation-h265: 746d11721c4dcdbdad8f713fa42b33f4 -> 
  custom:video-decoder-webm-vp8: 9c59270c3fd7afecdb556c50c9e8de78 -> 
  custom:audio-decoder-ogg-vorbis: bf7c407c2cedff20999df2af8eb42d56 -> 
  custom:audio-encoder-webm-vorbis: bf7c407c2cedff20999df2af8eb42d56 -> 
========================================================================
Received Import Request.
  Time since last request: 1899.462499 seconds.
  path: Assets
  artifactKey: Guid(00000000000000001000000000000000) Importer(815301076,1909f56bfc062723c751e8b465ee728b)
Start importing Assets using Guid(00000000000000001000000000000000) Importer(815301076,1909f56bfc062723c751e8b465ee728b)  -> (artifact id: '42d402b061de3733987d63b9cc3b64de') in 0.040405 seconds 
  Import took 0.074785 seconds .

========================================================================
Received Import Request.
  Time since last request: 4.697303 seconds.
  path: Assets/Sprites
  artifactKey: Guid(eb739c42a4a2c154e9f7e8eb0cf5d047) Importer(815301076,1909f56bfc062723c751e8b465ee728b)
Start importing Assets/Sprites using Guid(eb739c42a4a2c154e9f7e8eb0cf5d047) Importer(815301076,1909f56bfc062723c751e8b465ee728b)  -> (artifact id: '3531810ba74d9649aca3bb270dbd6513') in 0.011349 seconds 
  Import took 0.049039 seconds .

========================================================================
Received Import Request.
  Time since last request: 12.777203 seconds.
  path: Assets/Sprites/idleanimation.png
  artifactKey: Guid(ab77a6d37fe817443910625664fb0474) Importer(815301076,1909f56bfc062723c751e8b465ee728b)
Start importing Assets/Sprites/idleanimation.png using Guid(ab77a6d37fe817443910625664fb0474) Importer(815301076,1909f56bfc062723c751e8b465ee728b)  -> (artifact id: 'baaa97337faeefd2e5cef0346d9d7176') in 0.447704 seconds 
  Import took 0.469996 seconds .

========================================================================
Received Import Request.
  Time since last request: 0.000260 seconds.
  path: Assets/Sprites/punch.png
  artifactKey: Guid(276e4cdfbacc29a4ab42595cf2ebfef7) Importer(815301076,1909f56bfc062723c751e8b465ee728b)
Start importing Assets/Sprites/punch.png using Guid(276e4cdfbacc29a4ab42595cf2ebfef7) Importer(815301076,1909f56bfc062723c751e8b465ee728b)  -> (artifact id: '05abe32aa5e8be44bc160d0a5f0f8801') in 0.071400 seconds 
  Import took 0.095523 seconds .

========================================================================
Received Import Request.
  Time since last request: 0.000228 seconds.
  path: Assets/Sprites/kick.png
  artifactKey: Guid(509a14c7d656a2441899e3ff86fbf4f2) Importer(815301076,1909f56bfc062723c751e8b465ee728b)
Start importing Assets/Sprites/kick.png using Guid(509a14c7d656a2441899e3ff86fbf4f2) Importer(815301076,1909f56bfc062723c751e8b465ee728b)  -> (artifact id: 'c337df8cb3121b987091c961b8be29c9') in 0.076506 seconds 
  Import took 0.094840 seconds .

========================================================================
Received Import Request.
  Time since last request: 0.000264 seconds.
  path: Assets/Sprites/runcycle.png
  artifactKey: Guid(a9c9cff838363524b91228e904e47704) Importer(815301076,1909f56bfc062723c751e8b465ee728b)
Start importing Assets/Sprites/runcycle.png using Guid(a9c9cff838363524b91228e904e47704) Importer(815301076,1909f56bfc062723c751e8b465ee728b)  -> (artifact id: '8b36b30ad22824cf5498bf38bdd8ddb6') in 0.020747 seconds 
  Import took 0.103296 seconds .

========================================================================
Received Import Request.
  Time since last request: 95.331812 seconds.
  path: Assets/Sprites/idleanimation 1.png
  artifactKey: Guid(52059b2d778c2964a99da4782c932c86) Importer(815301076,1909f56bfc062723c751e8b465ee728b)
Start importing Assets/Sprites/idleanimation 1.png using Guid(52059b2d778c2964a99da4782c932c86) Importer(815301076,1909f56bfc062723c751e8b465ee728b)  -> (artifact id: '7dbdb2d230a876a4e6db033716338bbe') in 0.043282 seconds 
  Import took 0.137687 seconds .

========================================================================
Received Import Request.
  Time since last request: 0.122362 seconds.
  path: Assets/Sprites/idleanimation 1.png
  artifactKey: Guid(52059b2d778c2964a99da4782c932c86) Importer(815301076,1909f56bfc062723c751e8b465ee728b)
Start importing Assets/Sprites/idleanimation 1.png using Guid(52059b2d778c2964a99da4782c932c86) Importer(815301076,1909f56bfc062723c751e8b465ee728b)  -> (artifact id: '7dbdb2d230a876a4e6db033716338bbe') in 0.009935 seconds 
  Import took 0.114415 seconds .

========================================================================
Received Import Request.
  Time since last request: 157.902153 seconds.
  path: Assets/Sprites/idleanimation.png
  artifactKey: Guid(ab77a6d37fe817443910625664fb0474) Importer(815301076,1909f56bfc062723c751e8b465ee728b)
Start importing Assets/Sprites/idleanimation.png using Guid(ab77a6d37fe817443910625664fb0474) Importer(815301076,1909f56bfc062723c751e8b465ee728b)  -> (artifact id: 'b7ce05c97b868dd8f3ea46b1da1eaa74') in 0.011831 seconds 
  Import took 0.106042 seconds .

========================================================================
Received Import Request.
  Time since last request: 254.499044 seconds.
  path: Assets/Sprites/idleanimation.png
  artifactKey: Guid(ab77a6d37fe817443910625664fb0474) Importer(815301076,1909f56bfc062723c751e8b465ee728b)
Start importing Assets/Sprites/idleanimation.png using Guid(ab77a6d37fe817443910625664fb0474) Importer(815301076,1909f56bfc062723c751e8b465ee728b)  -> (artifact id: '44dc1e5bdb079ba777dd091f228f2a55') in 0.243911 seconds 
  Import took 0.270560 seconds .

========================================================================
Received Prepare
Registering precompiled user dll's ...
Registered in 0.936480 seconds.
Begin MonoManager ReloadAssembly
Native extension for WindowsStandalone target not found
Refreshing native plugins compatible for Editor in 0.31 ms, found 2 plugins.
Preloading 0 native plugins for Editor in 0.00 ms.
Mono: successfully reloaded assembly
- Completed reload, in  1.768 seconds
Platform modules already initialized, skipping
Refreshing native plugins compatible for Editor in 0.44 ms, found 2 plugins.
Preloading 0 native plugins for Editor in 0.00 ms.
Unloading 1424 Unused Serialized files (Serialized files now loaded: 0)
System memory in use before: 70.3 MB.
System memory in use after: 70.4 MB.

Unloading 14 unused Assets to reduce memory usage. Loaded Objects now: 1940.
Total: 3.740900 ms (FindLiveObjects: 0.264500 ms CreateObjectMapping: 0.052500 ms MarkObjects: 3.079700 ms  DeleteObjects: 0.342400 ms)

AssetImportParameters requested are different than current active one (requested -> active):
  custom:framework-win-MediaFoundation: 216162199b28c13a410421893ffa2e32 -> 
  custom:video-decoder-ogg-theora: a1e56fd34408186e4bbccfd4996cb3dc -> 
  custom:container-muxer-webm: aa71ff27fc2769a1b78a27578f13a17b -> 
  custom:container-demuxer-webm: 4f35f7cbe854078d1ac9338744f61a02 -> 
  custom:container-demuxer-ogg: 62fdf1f143b41e24485cea50d1cbac27 -> 
  custom:video-encoder-webm-vp8: eb34c28f22e8b96e1ab97ce403110664 -> 
  custom:video-codec-MediaFoundation-h265: 746d11721c4dcdbdad8f713fa42b33f4 -> 
  custom:video-decoder-webm-vp8: 9c59270c3fd7afecdb556c50c9e8de78 -> 
  custom:audio-decoder-ogg-vorbis: bf7c407c2cedff20999df2af8eb42d56 -> 
  custom:audio-encoder-webm-vorbis: bf7c407c2cedff20999df2af8eb42d56 -> 
========================================================================
Received Import Request.
  Time since last request: 227.776758 seconds.
  path: Assets/Sprites/idleanimation.png
  artifactKey: Guid(ab77a6d37fe817443910625664fb0474) Importer(815301076,1909f56bfc062723c751e8b465ee728b)
Start importing Assets/Sprites/idleanimation.png using Guid(ab77a6d37fe817443910625664fb0474) Importer(815301076,1909f56bfc062723c751e8b465ee728b)  -> (artifact id: '231472cb183249471d73e1df1d5a77c5') in 0.127240 seconds 
  Import took 0.138452 seconds .

========================================================================
Received Import Request.
  Time since last request: 298.020669 seconds.
  path: Assets/Sprites/idleanimation.png
  artifactKey: Guid(ab77a6d37fe817443910625664fb0474) Importer(815301076,1909f56bfc062723c751e8b465ee728b)
Start importing Assets/Sprites/idleanimation.png using Guid(ab77a6d37fe817443910625664fb0474) Importer(815301076,1909f56bfc062723c751e8b465ee728b)  -> (artifact id: '10b94e8ffd6c4f782642bc56825f7791') in 0.364983 seconds 
  Import took 0.385891 seconds .

========================================================================
Received Import Request.
  Time since last request: 21.402004 seconds.
  path: Assets/Sprites/idleanimation.png
  artifactKey: Guid(ab77a6d37fe817443910625664fb0474) Importer(815301076,1909f56bfc062723c751e8b465ee728b)
Start importing Assets/Sprites/idleanimation.png using Guid(ab77a6d37fe817443910625664fb0474) Importer(815301076,1909f56bfc062723c751e8b465ee728b)  -> (artifact id: '825a18823ada7212f253389d600adbca') in 0.054261 seconds 
  Import took 0.084251 seconds .

========================================================================
Received Import Request.
  Time since last request: 18.486944 seconds.
  path: Assets/Sprites/idleanimation.png
  artifactKey: Guid(ab77a6d37fe817443910625664fb0474) Importer(815301076,1909f56bfc062723c751e8b465ee728b)
Start importing Assets/Sprites/idleanimation.png using Guid(ab77a6d37fe817443910625664fb0474) Importer(815301076,1909f56bfc062723c751e8b465ee728b)  -> (artifact id: '235f7b9198b9e7f07ddd6aace44989cf') in 0.062832 seconds 
  Import took 0.066679 seconds .

========================================================================
Received Import Request.
  Time since last request: 0.056964 seconds.
  path: Assets/Sprites/idleanimation.png
  artifactKey: Guid(ab77a6d37fe817443910625664fb0474) Importer(815301076,1909f56bfc062723c751e8b465ee728b)
Start importing Assets/Sprites/idleanimation.png using Guid(ab77a6d37fe817443910625664fb0474) Importer(815301076,1909f56bfc062723c751e8b465ee728b)  -> (artifact id: '235f7b9198b9e7f07ddd6aace44989cf') in 0.011192 seconds 
  Import took 0.016687 seconds .

========================================================================
Received Import Request.
  Time since last request: 33.733182 seconds.
  path: Assets/Sprites/idleanimation.png
  artifactKey: Guid(ab77a6d37fe817443910625664fb0474) Importer(815301076,1909f56bfc062723c751e8b465ee728b)
Start importing Assets/Sprites/idleanimation.png using Guid(ab77a6d37fe817443910625664fb0474) Importer(815301076,1909f56bfc062723c751e8b465ee728b)  -> (artifact id: '6779f8f70699662f6a5bbff295cbc1cb') in 0.062962 seconds 
  Import took 0.066989 seconds .

========================================================================
Received Import Request.
  Time since last request: 13.915730 seconds.
  path: Assets/Sprites/idleanimation.png
  artifactKey: Guid(ab77a6d37fe817443910625664fb0474) Importer(815301076,1909f56bfc062723c751e8b465ee728b)
Start importing Assets/Sprites/idleanimation.png using Guid(ab77a6d37fe817443910625664fb0474) Importer(815301076,1909f56bfc062723c751e8b465ee728b)  -> (artifact id: 'c08c85dd457f99351267768bd05e1a8f') in 0.046683 seconds 
  Import took 0.069081 seconds .

========================================================================
Received Import Request.
  Time since last request: 20.838762 seconds.
  path: Assets/Sprites/idleanimation.png
  artifactKey: Guid(ab77a6d37fe817443910625664fb0474) Importer(815301076,1909f56bfc062723c751e8b465ee728b)
Start importing Assets/Sprites/idleanimation.png using Guid(ab77a6d37fe817443910625664fb0474) Importer(815301076,1909f56bfc062723c751e8b465ee728b)  -> (artifact id: '0ca1de0ea5a294473935e45df65733d9') in 0.028786 seconds 
  Import took 0.032088 seconds .

========================================================================
Received Import Request.
  Time since last request: 11.892061 seconds.
  path: Assets/Sprites/idleanimation.png
  artifactKey: Guid(ab77a6d37fe817443910625664fb0474) Importer(815301076,1909f56bfc062723c751e8b465ee728b)
Start importing Assets/Sprites/idleanimation.png using Guid(ab77a6d37fe817443910625664fb0474) Importer(815301076,1909f56bfc062723c751e8b465ee728b)  -> (artifact id: 'a83b071ecaddcb83674f24e091eee57f') in 0.049947 seconds 
  Import took 0.059271 seconds .

========================================================================
Received Import Request.
  Time since last request: 27.225790 seconds.
  path: Assets/Sprites/kick.png
  artifactKey: Guid(509a14c7d656a2441899e3ff86fbf4f2) Importer(815301076,1909f56bfc062723c751e8b465ee728b)
Start importing Assets/Sprites/kick.png using Guid(509a14c7d656a2441899e3ff86fbf4f2) Importer(815301076,1909f56bfc062723c751e8b465ee728b)  -> (artifact id: 'cc1cfc4974e3db05f9065339e48c0f53') in 0.065565 seconds 
  Import took 0.095328 seconds .

========================================================================
Received Import Request.
  Time since last request: 32.451602 seconds.
  path: Assets/Sprites/idleanimation.png
  artifactKey: Guid(ab77a6d37fe817443910625664fb0474) Importer(815301076,1909f56bfc062723c751e8b465ee728b)
Start importing Assets/Sprites/idleanimation.png using Guid(ab77a6d37fe817443910625664fb0474) Importer(815301076,1909f56bfc062723c751e8b465ee728b)  -> (artifact id: '9604e1a59f01cb5941cf8a22966f489e') in 0.013645 seconds 
  Import took 0.028203 seconds .

========================================================================
Received Import Request.
  Time since last request: 8.358912 seconds.
  path: Assets/Sprites/punch.png
  artifactKey: Guid(276e4cdfbacc29a4ab42595cf2ebfef7) Importer(815301076,1909f56bfc062723c751e8b465ee728b)
Start importing Assets/Sprites/punch.png using Guid(276e4cdfbacc29a4ab42595cf2ebfef7) Importer(815301076,1909f56bfc062723c751e8b465ee728b)  -> (artifact id: '7e9b8fa7b49283452978fea9b2095734') in 0.024166 seconds 
  Import took 0.026913 seconds .

========================================================================
Received Import Request.
  Time since last request: 11.339570 seconds.
  path: Assets/Sprites/runcycle.png
  artifactKey: Guid(a9c9cff838363524b91228e904e47704) Importer(815301076,1909f56bfc062723c751e8b465ee728b)
Start importing Assets/Sprites/runcycle.png using Guid(a9c9cff838363524b91228e904e47704) Importer(815301076,1909f56bfc062723c751e8b465ee728b)  -> (artifact id: '1420eeacd5d4e6c4b4710453f558e55b') in 0.112505 seconds 
  Import took 0.121372 seconds .

========================================================================
Received Import Request.
  Time since last request: 299.602885 seconds.
  path: Assets/Sprites/idleanimation.png
  artifactKey: Guid(ab77a6d37fe817443910625664fb0474) Importer(815301076,1909f56bfc062723c751e8b465ee728b)
Start importing Assets/Sprites/idleanimation.png using Guid(ab77a6d37fe817443910625664fb0474) Importer(815301076,1909f56bfc062723c751e8b465ee728b)  -> (artifact id: '4d690a1af5dd4549ac8892ea06e33760') in 0.078020 seconds 
  Import took 0.108882 seconds .

========================================================================
Received Import Request.
  Time since last request: 20.243465 seconds.
  path: Assets/Sprites/idle.png
  artifactKey: Guid(ab77a6d37fe817443910625664fb0474) Importer(815301076,1909f56bfc062723c751e8b465ee728b)
Start importing Assets/Sprites/idle.png using Guid(ab77a6d37fe817443910625664fb0474) Importer(815301076,1909f56bfc062723c751e8b465ee728b)  -> (artifact id: '955bddf687d482795d15e1813b0f9402') in 0.036664 seconds 
  Import took 0.039549 seconds .

========================================================================
Received Import Request.
  Time since last request: 39.778497 seconds.
  path: Assets/Sprites/run.png
  artifactKey: Guid(a9c9cff838363524b91228e904e47704) Importer(815301076,1909f56bfc062723c751e8b465ee728b)
Start importing Assets/Sprites/run.png using Guid(a9c9cff838363524b91228e904e47704) Importer(815301076,1909f56bfc062723c751e8b465ee728b)  -> (artifact id: '50a5d4d98e3b6d9b12b61b1d7695643b') in 0.079656 seconds 
  Import took 0.082568 seconds .

========================================================================
Received Import Request.
  Time since last request: 49.310417 seconds.
  path: Assets/Sprites/kick.png
  artifactKey: Guid(509a14c7d656a2441899e3ff86fbf4f2) Importer(815301076,1909f56bfc062723c751e8b465ee728b)
Start importing Assets/Sprites/kick.png using Guid(509a14c7d656a2441899e3ff86fbf4f2) Importer(815301076,1909f56bfc062723c751e8b465ee728b)  -> (artifact id: '51aa2999b3d28ae8842566c762e7750a') in 0.046380 seconds 
  Import took 0.054563 seconds .

========================================================================
Received Import Request.
  Time since last request: 15.407376 seconds.
  path: Assets/Sprites/punch.png
  artifactKey: Guid(276e4cdfbacc29a4ab42595cf2ebfef7) Importer(815301076,1909f56bfc062723c751e8b465ee728b)
Start importing Assets/Sprites/punch.png using Guid(276e4cdfbacc29a4ab42595cf2ebfef7) Importer(815301076,1909f56bfc062723c751e8b465ee728b)  -> (artifact id: '2d6ec5bb7cea27ccfd188ad18625b7be') in 0.161575 seconds 
  Import took 0.174898 seconds .

========================================================================
Received Import Request.
  Time since last request: 19.336058 seconds.
  path: Assets/Sprites/run.png
  artifactKey: Guid(a9c9cff838363524b91228e904e47704) Importer(815301076,1909f56bfc062723c751e8b465ee728b)
Start importing Assets/Sprites/run.png using Guid(a9c9cff838363524b91228e904e47704) Importer(815301076,1909f56bfc062723c751e8b465ee728b)  -> (artifact id: 'f3ac0bb54f37e035eb867e08eaef4419') in 0.100257 seconds 
  Import took 0.112714 seconds .

========================================================================
Received Prepare
Registering precompiled user dll's ...
Registered in 0.006870 seconds.
Begin MonoManager ReloadAssembly
Native extension for WindowsStandalone target not found
Refreshing native plugins compatible for Editor in 0.49 ms, found 2 plugins.
Preloading 0 native plugins for Editor in 0.00 ms.
Mono: successfully reloaded assembly
- Completed reload, in  3.115 seconds
Platform modules already initialized, skipping
Refreshing native plugins compatible for Editor in 2.32 ms, found 2 plugins.
Preloading 0 native plugins for Editor in 0.00 ms.
Unloading 1424 Unused Serialized files (Serialized files now loaded: 0)
System memory in use before: 70.4 MB.
System memory in use after: 70.4 MB.

Unloading 14 unused Assets to reduce memory usage. Loaded Objects now: 1949.
Total: 2.283900 ms (FindLiveObjects: 0.361200 ms CreateObjectMapping: 0.033700 ms MarkObjects: 1.808200 ms  DeleteObjects: 0.079700 ms)

AssetImportParameters requested are different than current active one (requested -> active):
  custom:framework-win-MediaFoundation: 216162199b28c13a410421893ffa2e32 -> 
  custom:video-decoder-ogg-theora: a1e56fd34408186e4bbccfd4996cb3dc -> 
  custom:container-muxer-webm: aa71ff27fc2769a1b78a27578f13a17b -> 
  custom:container-demuxer-webm: 4f35f7cbe854078d1ac9338744f61a02 -> 
  custom:container-demuxer-ogg: 62fdf1f143b41e24485cea50d1cbac27 -> 
  custom:video-encoder-webm-vp8: eb34c28f22e8b96e1ab97ce403110664 -> 
  custom:video-codec-MediaFoundation-h265: 746d11721c4dcdbdad8f713fa42b33f4 -> 
  custom:video-decoder-webm-vp8: 9c59270c3fd7afecdb556c50c9e8de78 -> 
  custom:audio-decoder-ogg-vorbis: bf7c407c2cedff20999df2af8eb42d56 -> 
  custom:audio-encoder-webm-vorbis: bf7c407c2cedff20999df2af8eb42d56 -> 
========================================================================
Received Prepare
Registering precompiled user dll's ...
Registered in 0.006295 seconds.
Begin MonoManager ReloadAssembly
Native extension for WindowsStandalone target not found
Refreshing native plugins compatible for Editor in 0.31 ms, found 2 plugins.
Preloading 0 native plugins for Editor in 0.00 ms.
Mono: successfully reloaded assembly
- Completed reload, in  2.731 seconds
Platform modules already initialized, skipping
Refreshing native plugins compatible for Editor in 0.45 ms, found 2 plugins.
Preloading 0 native plugins for Editor in 0.00 ms.
Unloading 1424 Unused Serialized files (Serialized files now loaded: 0)
System memory in use before: 70.4 MB.
System memory in use after: 70.5 MB.

Unloading 14 unused Assets to reduce memory usage. Loaded Objects now: 1952.
Total: 3.711000 ms (FindLiveObjects: 0.226300 ms CreateObjectMapping: 0.050400 ms MarkObjects: 3.341900 ms  DeleteObjects: 0.091000 ms)

AssetImportParameters requested are different than current active one (requested -> active):
  custom:framework-win-MediaFoundation: 216162199b28c13a410421893ffa2e32 -> 
  custom:video-decoder-ogg-theora: a1e56fd34408186e4bbccfd4996cb3dc -> 
  custom:container-muxer-webm: aa71ff27fc2769a1b78a27578f13a17b -> 
  custom:container-demuxer-webm: 4f35f7cbe854078d1ac9338744f61a02 -> 
  custom:container-demuxer-ogg: 62fdf1f143b41e24485cea50d1cbac27 -> 
  custom:video-encoder-webm-vp8: eb34c28f22e8b96e1ab97ce403110664 -> 
  custom:video-codec-MediaFoundation-h265: 746d11721c4dcdbdad8f713fa42b33f4 -> 
  custom:video-decoder-webm-vp8: 9c59270c3fd7afecdb556c50c9e8de78 -> 
  custom:audio-decoder-ogg-vorbis: bf7c407c2cedff20999df2af8eb42d56 -> 
  custom:audio-encoder-webm-vorbis: bf7c407c2cedff20999df2af8eb42d56 -> 
========================================================================
Received Import Request.
  Time since last request: 183.331594 seconds.
  path: Assets/Sprites/idle.anim
  artifactKey: Guid(d15aea07681995a438c7b74520bbf0c9) Importer(815301076,1909f56bfc062723c751e8b465ee728b)
Start importing Assets/Sprites/idle.anim using Guid(d15aea07681995a438c7b74520bbf0c9) Importer(815301076,1909f56bfc062723c751e8b465ee728b)  -> (artifact id: '53351c4dbacd0abdecc674a26ea32d76') in 0.134460 seconds 
  Import took 0.138695 seconds .

========================================================================
Received Import Request.
  Time since last request: 411.295146 seconds.
  path: Assets/Sprites/harley_run.anim
  artifactKey: Guid(fd4a466ff6f0559448a5ba440f0cf30d) Importer(815301076,1909f56bfc062723c751e8b465ee728b)
Start importing Assets/Sprites/harley_run.anim using Guid(fd4a466ff6f0559448a5ba440f0cf30d) Importer(815301076,1909f56bfc062723c751e8b465ee728b)  -> (artifact id: '020147afc58f5cfa6956e1fd3130b118') in 0.012006 seconds 
  Import took 0.042700 seconds .

========================================================================
Received Import Request.
  Time since last request: 49.823821 seconds.
  path: Assets/Sprites/idleanimation_0.controller
  artifactKey: Guid(fd1b3d65a36eec54fb1a2a74289e1e72) Importer(815301076,1909f56bfc062723c751e8b465ee728b)
Start importing Assets/Sprites/idleanimation_0.controller using Guid(fd1b3d65a36eec54fb1a2a74289e1e72) Importer(815301076,1909f56bfc062723c751e8b465ee728b)  -> (artifact id: '0398fdc5585efa58a4cbbbfbafe50e18') in 0.036270 seconds 
  Import took 0.059099 seconds .

========================================================================
Received Import Request.
  Time since last request: 6.640453 seconds.
  path: Assets/Sprites/Harley.controller
  artifactKey: Guid(fd1b3d65a36eec54fb1a2a74289e1e72) Importer(815301076,1909f56bfc062723c751e8b465ee728b)
Start importing Assets/Sprites/Harley.controller using Guid(fd1b3d65a36eec54fb1a2a74289e1e72) Importer(815301076,1909f56bfc062723c751e8b465ee728b)  -> (artifact id: '0606acd063611eeddc497c44808a8a28') in 0.048110 seconds 
  Import took 0.053526 seconds .

========================================================================
Received Import Request.
  Time since last request: 350.571772 seconds.
  path: Assets/Sprites/run.anim
  artifactKey: Guid(571d269544a509c4d9e7bcdab50386ce) Importer(815301076,1909f56bfc062723c751e8b465ee728b)
Start importing Assets/Sprites/run.anim using Guid(571d269544a509c4d9e7bcdab50386ce) Importer(815301076,1909f56bfc062723c751e8b465ee728b)  -> (artifact id: '65ccfeb07d36fa15243729429e9536f6') in 0.040906 seconds 
  Import took 0.072377 seconds .

========================================================================
Received Import Request.
  Time since last request: 5.317312 seconds.
  path: Assets/Sprites/harley_punch.anim
  artifactKey: Guid(ca2dfa22fbe9dea4bb19da17d5693711) Importer(815301076,1909f56bfc062723c751e8b465ee728b)
Start importing Assets/Sprites/harley_punch.anim using Guid(ca2dfa22fbe9dea4bb19da17d5693711) Importer(815301076,1909f56bfc062723c751e8b465ee728b)  -> (artifact id: '9e3606fb1065edddfc88417ac85a796a') in 0.074620 seconds 
  Import took 0.079865 seconds .

========================================================================
Received Import Request.
  Time since last request: 22.187137 seconds.
  path: Assets/Sprites/harley_idle.anim
  artifactKey: Guid(b420e4a5a369f8347bfa97af0152e81f) Importer(815301076,1909f56bfc062723c751e8b465ee728b)
Start importing Assets/Sprites/harley_idle.anim using Guid(b420e4a5a369f8347bfa97af0152e81f) Importer(815301076,1909f56bfc062723c751e8b465ee728b)  -> (artifact id: '5a1e4fb9e0035ed385ad362fe86aeb32') in 0.037037 seconds 
  Import took 0.041749 seconds .

AssetImportWorkerClient::OnTransportError - code=2 error=End of file
